
/home/runner/work/exp-submerged-arc-welding-iitkgp/exp-submerged-arc-welding-iitkgp/experiment/license/view.js
  1:246  warning  Unnecessary semicolon  no-extra-semi

/home/runner/work/exp-submerged-arc-welding-iitkgp/exp-submerged-arc-welding-iitkgp/experiment/simulation/js/adisaw.js
   8:5   warning  'adiwid' is assigned a value but never used  no-unused-vars
   8:15  warning  'adihgt' is assigned a value but never used  no-unused-vars
   9:1   warning  '$' is not defined                           no-undef
  10:1   warning  '$' is not defined                           no-undef
  11:1   warning  '$' is not defined                           no-undef
  12:1   warning  '$' is not defined                           no-undef
  13:5   warning  '$' is not defined                           no-undef
  15:3   warning  '$' is not defined                           no-undef
  19:3   warning  '$' is not defined                           no-undef
  26:5   warning  '$' is not defined                           no-undef
  27:5   warning  '$' is not defined                           no-undef
  28:12  warning  '$' is not defined                           no-undef
  29:12  warning  '$' is not defined                           no-undef
  32:5   warning  '$' is not defined                           no-undef
  33:5   warning  '$' is not defined                           no-undef
  34:5   warning  '$' is not defined                           no-undef
  35:5   warning  '$' is not defined                           no-undef
  36:5   warning  '$' is not defined                           no-undef
  37:9   warning  '$' is not defined                           no-undef
  41:2   warning  Unnecessary semicolon                        no-extra-semi

✖ 21 problems (0 errors, 21 warnings)
  0 errors and 2 warnings potentially fixable with the `--fix` option.

